                                            The SAS System         19:22 Tuesday, October 18, 2022   1

                                     Birth     Birth        Dateof
                                     Month      Year         Birth

                                         8      1963    08/15/1963
                                         8      1925    08/15/1925
                                         9      1938    09/15/1938
                                         4      1971    04/15/1971
                                        12      1946    12/15/1946
                                         1      1929    01/15/1929
                                        11      1930    11/15/1930
                                         2      1955    02/15/1955
                                         3      1952    03/15/1952
                                         7      1958    07/15/1958
                                         1      1937    01/15/1937
                                         3      1936    03/15/1936
                                        12      1963    12/15/1963
                                         9      1962    09/15/1962
                                         7      1963    07/15/1963
                                         1      1930    01/15/1930
                                         6      1928    06/15/1928
                                        10      1959    10/15/1959
                                         1      1964    01/15/1964
                                         7      1987    07/15/1987
                                         1      1984    01/15/1984
                                         2      1964    02/15/1964
                                         6      1932    06/15/1932
                                         3      1960    03/15/1960
                                        10      1954    10/15/1954
                                         6      1962    06/15/1962
                                         2      1988    02/15/1988
                                         5      1985    05/15/1985
                                        11      1986    11/15/1986
                                         2      1982    02/15/1982
                                         9      1959    09/15/1959
                                         3      1959    03/15/1959
                                        12      1984    12/15/1984
                                        11      1958    11/15/1958
                                         1      1928    01/15/1928
                                         2      1938    02/15/1938
                                         4      1965    04/15/1965
                                         1      1946    01/15/1946
                                         2      1923    02/15/1923
                                         4      1928    04/15/1928
                                         2      1957    02/15/1957
                                         7      1959    07/15/1959
                                         1      1933    01/15/1933
                                         3      1929    03/15/1929
                                        10      1953    10/15/1953
                                        12      1959    12/15/1959
                                        10      1983    10/15/1983
                                         3      1987    03/15/1987
                                        10      1969    10/15/1969
                                         8      1936    08/15/1936
                                        12      1941    12/15/1941
                                            The SAS System         19:22 Tuesday, October 18, 2022   2

                                     Birth     Birth        Dateof
                                     Month      Year         Birth

                                         4      1967    04/15/1967
                                            The SAS System         19:22 Tuesday, October 18, 2022   3

                                                               Birth    Birth
 Obs   ID                baseline_CVD      TIMEA      TIMEB     Year    Month      Sex   Ethnicity

   1   00100100    06AUG2003:00:00:00   10:04:00   10:17:00     1963        8        2         1
   2   00100101    06AUG2003:00:00:00    8:59:00    9:17:00     1925        8        1         1
   3   00100102    06AUG2003:00:00:00    9:00:00    9:10:00     1938        9        2         1
   4   00100103    06AUG2003:00:00:00    9:55:00   10:02:00     1971        4        2         1
   5   00100200    06AUG2003:00:00:00    9:30:00    9:45:00     1946       12        1         1
   6   00100201    06AUG2003:00:00:00    9:55:00   10:10:00     1929        1        1         1
   7   00100202    06AUG2003:00:00:00    9:20:00    9:30:00     1930       11        2         1
   8   00100203    06AUG2003:00:00:00    9:42:00    9:52:00     1955        2        2         1
   9   00100204    05AUG2003:00:00:00    8:12:00    8:26:00     1952        3        2         1
  10   00100300    06AUG2003:00:00:00    9:47:00    9:59:00     1958        7        2         1
  11   00100301    06AUG2003:00:00:00    8:05:00    8:40:00     1937        1        1         1
  12   00100302    06AUG2003:00:00:00    8:03:00    8:13:00     1936        3        2         1
  13   00100303    06AUG2003:00:00:00    9:15:00    9:25:00     1963       12        2         1
  14   00100304    06AUG2003:00:00:00   10:00:00   10:16:00     1962        9        1         1


 Obs   Education   Marriage   Employment      Job   HEIGHT1   HEIGHT2    WT1    WT2   WAIST1   WAIST2

   1         3           1           1          1    154.4     154.0    68.0   68.0     90.5     91.0
   2         1           1           1          7    164.6        .     58.5   58.5     81.9     81.4
   3         1           1           3          1    144.0        .     40.5   40.0     70.0     69.1
   4         3           1           1          3    151.0     151.4    64.0   64.0     80.7     80.4
   5         3           1           2          6    165.0     164.8    80.0   80.0    104.5    105.0
   6         1           1           3          1    164.0        .     61.5   61.0     84.6     84.1
   7         2           1           3          1    151.4     151.2    57.0   57.0     96.3     96.4
   8         3           1           1          1    146.0     145.6    58.5   58.5     92.2     91.8
   9         5           1           1          7    151.2        .     71.5   71.5     98.7     98.8
  10         2           1           3          1    160.8     160.8    72.5   72.5     98.6     98.3
  11         1           1           3          1    165.6     165.6    57.5   57.0     78.9     78.8
  12         1           1           3          1    151.4     151.8    65.0   65.0     98.7     98.4
  13         4           1           1          3    162.4     162.4    52.0   51.5     77.3     77.2
  14         3           1           3          1    172.2     172.2    64.0   64.0     86.4     86.5

                                                                                  Dateof
 Obs                   CVD    SBP1    DBP1    SBP2    DBP2    SBP3    DBP3         Birth    Age

   1    06AUG2003:00:00:00     120     88      114     80      108     88     08/15/1963     40
   2    06AUG2003:00:00:00      98     68      122     80      104     68     08/15/1925     78
   3                     .      96     56        .      .       98     56     09/15/1938      .
   4    06AUG2003:00:00:00     102     76      100     72      100     70     04/15/1971     32
   5    06AUG2003:00:00:00     118     72      122     70      118     80     12/15/1946     57
   6    06AUG2003:00:00:00     148     64      142     60      140     68     01/15/1929     75
   7    06AUG2003:00:00:00     108     60      122     62      110     64     11/15/1930     73
   8    06AUG2003:00:00:00     108     66       98     66      106     70     02/15/1955     48
   9    06AUG2003:00:00:00     108     58      110     64      116     64     03/15/1952     51
  10    06AUG2003:00:00:00     134     88      138     74      138     92     07/15/1958     45
  11    06AUG2003:00:00:00     156     86      160     98      144     86     01/15/1937     67
  12    06AUG2003:00:00:00     156     86      150     72      154     82     03/15/1936     67
  13    06AUG2003:00:00:00     114     66      112     58      116     70     12/15/1963     40
  14    06AUG2003:00:00:00     114     60      130     84      122     76     09/15/1962     41
                                            The SAS System         19:22 Tuesday, October 18, 2022   4

                                                               Birth    Birth
 Obs   ID                baseline_CVD      TIMEA      TIMEB     Year    Month      Sex   Ethnicity

  15   00100400    06AUG2003:00:00:00    8:39:00    8:58:00     1963        7        2         1
  16   00100401    06AUG2003:00:00:00   11:42:00   11:52:00     1930        1        1         1
  17   00100402    06AUG2003:00:00:00    9:31:00    9:40:00     1928        6        2         1
  18   00100403    06AUG2003:00:00:00    8:40:00    9:00:00     1959       10        2         1
  19   00100420    06AUG2003:00:00:00    8:10:00    8:30:00     1964        1        1         1
  20   00100421    06AUG2003:00:00:00   11:40:00   11:50:00     1987        7        2         1
  21   00100422    06AUG2003:00:00:00   11:40:00   11:50:00     1984        1        2         1
  22   00100600    06AUG2003:00:00:00   10:01:00   10:17:00     1964        2        1         1
  23   00100602    06AUG2003:00:00:00    9:35:00    9:43:00     1932        6        2         1
  24   00100603    06AUG2003:00:00:00    8:58:00    9:20:00     1960        3        1         1
  25   00100604    06AUG2003:00:00:00   10:03:00   10:12:00     1954       10        2         1
  26   00100620    06AUG2003:00:00:00    9:30:00    9:41:00     1962        6        2         1
  27   00100621    06AUG2003:00:00:00   10:18:00   10:30:00     1988        2        1         1
  28   00100622    06AUG2003:00:00:00    9:36:00    9:46:00     1985        5        2         1


 Obs   Education   Marriage   Employment      Job   HEIGHT1   HEIGHT2    WT1    WT2   WAIST1   WAIST2

  15         4           1           1          2    163.0     162.6    87.5   88.0    106.3    106.0
  16         1           1           3          1    166.8     166.6    65.0   65.0     93.2     93.1
  17         1           1           3          1    159.2     159.0    62.0   62.0     88.8     89.2
  18         3           1           1          2    160.2     160.6    66.5   66.0     90.0     90.1
  19         3           1           1          1       .         .       .      .        .        .
  20         3           4           3          7    153.4     153.4    50.5   50.0     68.1     67.8
  21         4           4           3          7    160.8     106.6    47.5   47.0     63.0     63.5
  22         2           1           1          1    172.0     171.8    65.5   65.5     84.4     83.9
  23         1           2           3          1    159.8     160.0    63.0   63.0     90.1     89.8
  24         4           1           1          1    181.5     181.5    84.5   84.0     97.7     97.4
  25         2           1           1          1    160.0     160.0    70.0   70.0     95.4     94.9
  26         3           1           3          1    156.2     156.0    84.5   84.0    114.4    114.5
  27         3           4           3          7    170.0     170.2    53.0   53.0     64.9     65.1
  28         4           4           3          7    160.4     160.0    53.5   54.0     73.5     73.2

                                                                                  Dateof
 Obs                   CVD    SBP1    DBP1    SBP2    DBP2    SBP3    DBP3         Birth    Age

  15    06AUG2003:00:00:00     112     76      130     86      118     78     07/15/1963     40
  16    06AUG2003:00:00:00     160     90      144     94      152     90     01/15/1930     74
  17    06AUG2003:00:00:00     160     88      136     82      144     94     06/15/1928     75
  18    06AUG2003:00:00:00     110     70       96     66      108     72     10/15/1959     44
  19    06AUG2003:00:00:00     126     82      124     68      126     80     01/15/1964     40
  20    06AUG2003:00:00:00      84     48       88     44       88     52     07/15/1987     16
  21    06AUG2003:00:00:00      94     62       90     40       92     66     01/15/1984     20
  22    06AUG2003:00:00:00     126     82      130     92      124     88     02/15/1964     39
  23    06AUG2003:00:00:00     150     76      160     78      158     78     06/15/1932     71
  24    06AUG2003:00:00:00       .      .      110     82        .      .     03/15/1960     43
  25    06AUG2003:00:00:00     126     76      110     76      118     80     10/15/1954     49
  26    06AUG2003:00:00:00     112     82      120     84      110     82     06/15/1962     41
  27    06AUG2003:00:00:00      88     66       96     38       92     70     02/15/1988     15
  28    06AUG2003:00:00:00      96     56       90     56       90     52     05/15/1985     18
                                            The SAS System         19:22 Tuesday, October 18, 2022   5

                                                               Birth    Birth
 Obs   ID                baseline_CVD      TIMEA      TIMEB     Year    Month      Sex   Ethnicity

  29   00100623    06AUG2003:00:00:00   10:16:00   10:21:00     1986       11        2         1
  30   00100700    06AUG2003:00:00:00    8:20:00    8:40:00     1982        2        1         1
  31   00100701    05AUG2003:00:00:00    9:47:00   10:00:00     1959        9        1         1
  32   00100702    06AUG2003:00:00:00    8:50:00    9:10:00     1959        3        2         1
  33   00100703    06AUG2003:00:00:00    8:21:00    8:30:00     1984       12        2         1
  34   00100800    06AUG2003:00:00:00    8:51:00    9:13:00     1958       11        2         1
  35   00100801    06AUG2003:00:00:00   10:00:00   10:12:00     1928        1        1         1
  36   00100802    06AUG2003:00:00:00   10:43:00   10:57:00     1938        2        2         1
  37   00100803    06AUG2003:00:00:00    8:45:00    9:10:00     1965        4        2         1
  38   00100900    06AUG2003:00:00:00    8:49:00    9:17:00     1946        1        2         1
  39   00100901    06AUG2003:00:00:00   10:24:00   10:34:00     1923        2        1         1
  40   00100902    06AUG2003:00:00:00   10:30:00   10:38:00     1928        4        2         1
  41   00100903    06AUG2003:00:00:00    9:45:00    9:52:00     1957        2        2         1
  42   00101000    06AUG2003:00:00:00   10:12:00   10:20:00     1959        7        2         1


 Obs   Education   Marriage   Employment      Job   HEIGHT1   HEIGHT2    WT1    WT2   WAIST1   WAIST2

  29         4           4           3          7    154.2     154.6    64.5   64.0     87.3     87.8
  30         5           4           3          7    172.4     172.4    76.0   76.0     90.6     90.3
  31         4           1           1          7    165.0     164.8    56.5   56.5     72.1     71.8
  32         4           1           1          2    162.8     163.2    76.0   76.0    102.2    102.2
  33         4           4           3          7    158.0     158.4    46.5   46.5     64.5     64.2
  34         3           1           1          1       .         .       .      .        .        .
  35         1           1           3          1    162.4     162.6    64.5   64.0     91.0     90.5
  36         1           1           3          1    156.4     156.0    51.0   51.0     88.9     89.2
  37         2           1           3          1    158.6     158.4    64.0   64.0     82.1     82.4
  38         2           1           1          1    158.4     158.6    48.0   48.0     72.8     73.2
  39         1           1           3          1    163.2     162.8    47.0   47.0     71.5     71.2
  40         1           1           3          1    157.4     157.2    56.0   55.5     80.4     80.8
  41         4           1           1          1       .         .       .      .        .        .
  42         4           1           1          1    158.0     158.0    68.0   68.0     93.3     93.2

                                                                                  Dateof
 Obs                   CVD    SBP1    DBP1    SBP2    DBP2    SBP3    DBP3         Birth    Age

  29    06AUG2003:00:00:00     100     56      114     56       96     60     11/15/1986     17
  30    06AUG2003:00:00:00     124     70      148     70      124     70     02/15/1982     21
  31    06AUG2003:00:00:00     128     92      134     82      132     90     09/15/1959     44
  32    06AUG2003:00:00:00     100     62      110     68      108     66     03/15/1959     44
  33    06AUG2003:00:00:00      90     50       82     50       92     54     12/15/1984     19
  34    06AUG2003:00:00:00     142     84      130     68      136     88     11/15/1958     45
  35    06AUG2003:00:00:00     150     80      146     74      150     80     01/15/1928     76
  36    06AUG2003:00:00:00     210     78      210     82      208     82     02/15/1938     65
  37    06AUG2003:00:00:00     114     84      120     80      114     78     04/15/1965     38
  38    06AUG2003:00:00:00     130     88      142     96      114     86     01/15/1946     58
  39    06AUG2003:00:00:00       .      .      156     70        .      .     02/15/1923     80
  40    06AUG2003:00:00:00     166     90      144     78      162     92     04/15/1928     75
  41                     .     102     72        .      .      100     64     02/15/1957      .
  42    06AUG2003:00:00:00       .      .      124     88        .      .     07/15/1959     44
                                            The SAS System         19:22 Tuesday, October 18, 2022   6

                                                               Birth    Birth
 Obs   ID                baseline_CVD      TIMEA      TIMEB     Year    Month      Sex   Ethnicity

  43   00101001    06AUG2003:00:00:00   10:37:00   10:47:00     1933        1        1         1
  44   00101002    06AUG2003:00:00:00    9:30:00    9:40:00     1929        3        2         1
  45   00101003    06AUG2003:00:00:00    8:46:00    8:55:00     1953       10        2         1
  46   00101020    05AUG2003:00:00:00    9:35:00    9:45:00     1959       12        1         1
  47   00101021    06AUG2003:00:00:00    9:46:00    9:57:00     1983       10        1         1
  48   00101022    06AUG2003:00:00:00   10:50:00   11:00:00     1987        3        2         1
  49   00101100    06AUG2003:00:00:00    8:40:00    9:10:00     1969       10        1         1
  50   00101101    06AUG2003:00:00:00    9:55:00   10:05:00     1936        8        1         1
  51   00101102    06AUG2003:00:00:00   10:05:00   10:10:00     1941       12        2         1
  52   00101103    06AUG2003:00:00:00    9:00:00    9:20:00     1967        4        2         1


 Obs   Education   Marriage   Employment      Job   HEIGHT1   HEIGHT2    WT1    WT2   WAIST1   WAIST2

  43         2           1           2          2    164.0     163.6    55.5   55.5    77.0     77.1
  44         1           1           3          1    151.8     151.6    46.0   46.0    76.5     76.0
  45         3           1           1          1    151.0     151.0    41.0   41.0    65.6     65.4
  46         4           1           1          1    167.4     167.2    77.0   77.0    96.4     96.3
  47         4           4           3          7    169.4     169.6    83.5   83.0    93.7     93.5
  48         4           4           3          7    160.0     160.4    52.5   53.0    68.2     68.5
  49         3           1           1          3    173.0     173.0    75.5   75.5    84.2     84.5
  50         2           1           3          1    166.0     166.4    54.0   54.0    74.1     74.3
  51         2           1           3          1    157.6     157.6    56.7   57.0    85.1     84.8
  52         3           1           3          1    159.6     160.2    65.5   65.5    87.6     87.2

                                                                                  Dateof
 Obs                   CVD    SBP1    DBP1    SBP2    DBP2    SBP3    DBP3         Birth    Age

  43    06AUG2003:00:00:00     152     78      182     88      148     78     01/15/1933     71
  44    06AUG2003:00:00:00     126     72      120     54      116     66     03/15/1929     74
  45    06AUG2003:00:00:00      90     60       92     58       92     64     10/15/1953     50
  46    06AUG2003:00:00:00     134     84      100     70      126     82     12/15/1959     44
  47    06AUG2003:00:00:00     112     72      110     64      106     72     10/15/1983     20
  48    06AUG2003:00:00:00     104     70       96     42       96     64     03/15/1987     16
  49    06AUG2003:00:00:00     110     76      112     74      104     72     10/15/1969     34
  50    06AUG2003:00:00:00      98     60       84     44       98     60     08/15/1936     67
  51    06AUG2003:00:00:00      94     52      102     52      106     50     12/15/1941     62
  52    06AUG2003:00:00:00      96     76      112     80      104     74     04/15/1967     36
                                            The SAS System         19:22 Tuesday, October 18, 2022   7

                                                     Birth  Birth
 Obs ID              baseline_CVD    TIMEA    TIMEB   Year  Month    Sex Ethnicity Education Marriage

   1 00100100  06AUG2003:00:00:00 10:04:00 10:17:00   1963      8      2       1         3         1
   2 00100101  06AUG2003:00:00:00  8:59:00  9:17:00   1925      8      1       1         1         1
   3 00100102  06AUG2003:00:00:00  9:00:00  9:10:00   1938      9      2       1         1         1
   4 00100103  06AUG2003:00:00:00  9:55:00 10:02:00   1971      4      2       1         3         1
   5 00100200  06AUG2003:00:00:00  9:30:00  9:45:00   1946     12      1       1         3         1
   6 00100201  06AUG2003:00:00:00  9:55:00 10:10:00   1929      1      1       1         1         1
   7 00100202  06AUG2003:00:00:00  9:20:00  9:30:00   1930     11      2       1         2         1
   8 00100203  06AUG2003:00:00:00  9:42:00  9:52:00   1955      2      2       1         3         1
   9 00100204  05AUG2003:00:00:00  8:12:00  8:26:00   1952      3      2       1         5         1
  10 00100300  06AUG2003:00:00:00  9:47:00  9:59:00   1958      7      2       1         2         1
  11 00100301  06AUG2003:00:00:00  8:05:00  8:40:00   1937      1      1       1         1         1
  12 00100302  06AUG2003:00:00:00  8:03:00  8:13:00   1936      3      2       1         1         1
  13 00100303  06AUG2003:00:00:00  9:15:00  9:25:00   1963     12      2       1         4         1
  14 00100304  06AUG2003:00:00:00 10:00:00 10:16:00   1962      9      1       1         3         1


 Obs Employment    Job HEIGHT1 HEIGHT2  WT1  WT2 WAIST1 WAIST2                 CVD SBP1 DBP1 SBP2

   1        1        1  154.4   154.0  68.0 68.0   90.5   91.0  06AUG2003:00:00:00  120  88   114
   2        1        7  164.6      .   58.5 58.5   81.9   81.4  06AUG2003:00:00:00   98  68   122
   3        3        1  144.0      .   40.5 40.0   70.0   69.1                   .   96  56     .
   4        1        3  151.0   151.4  64.0 64.0   80.7   80.4  06AUG2003:00:00:00  102  76   100
   5        2        6  165.0   164.8  80.0 80.0  104.5  105.0  06AUG2003:00:00:00  118  72   122
   6        3        1  164.0      .   61.5 61.0   84.6   84.1  06AUG2003:00:00:00  148  64   142
   7        3        1  151.4   151.2  57.0 57.0   96.3   96.4  06AUG2003:00:00:00  108  60   122
   8        1        1  146.0   145.6  58.5 58.5   92.2   91.8  06AUG2003:00:00:00  108  66    98
   9        1        7  151.2      .   71.5 71.5   98.7   98.8  06AUG2003:00:00:00  108  58   110
  10        3        1  160.8   160.8  72.5 72.5   98.6   98.3  06AUG2003:00:00:00  134  88   138
  11        3        1  165.6   165.6  57.5 57.0   78.9   78.8  06AUG2003:00:00:00  156  86   160
  12        3        1  151.4   151.8  65.0 65.0   98.7   98.4  06AUG2003:00:00:00  156  86   150
  13        1        3  162.4   162.4  52.0 51.5   77.3   77.2  06AUG2003:00:00:00  114  66   112
  14        3        1  172.2   172.2  64.0 64.0   86.4   86.5  06AUG2003:00:00:00  114  60   130

                           Dateof
 Obs DBP2  SBP3  DBP3       Birth  Age  Duration  WEIGHT  HEIGHT  BMI    SBP      DBP    MAP

   1  80    108   88   08/15/1963   40     13      68.00   154.2   29  114.000  85.3333   95
   2  80    104   68   08/15/1925   78     18      58.50   164.6   22  108.000  72.0000   84
   3   .     98   56   09/15/1938    .     10      40.25   144.0   19   97.000  56.0000   70
   4  72    100   70   04/15/1971   32      7      64.00   151.2   28  100.667  72.6667   82
   5  70    118   80   12/15/1946   57     15      80.00   164.9   29  119.333  74.0000   89
   6  60    140   68   01/15/1929   75     15      61.25   164.0   23  143.333  64.0000   90
   7  62    110   64   11/15/1930   73     10      57.00   151.3   25  113.333  62.0000   79
   8  66    106   70   02/15/1955   48     10      58.50   145.8   28  104.000  67.3333   80
   9  64    116   64   03/15/1952   51     14      71.50   151.2   31  111.333  62.0000   78
  10  74    138   92   07/15/1958   45     12      72.50   160.8   28  136.667  84.6667  102
  11  98    144   86   01/15/1937   67     35      57.25   165.6   21  153.333  90.0000  111
  12  72    154   82   03/15/1936   67     10      65.00   151.6   28  153.333  80.0000  104
  13  58    116   70   12/15/1963   40     10      51.75   162.4   20  114.000  64.6667   81
  14  84    122   76   09/15/1962   41     16      64.00   172.2   22  122.000  73.3333   90
                                            The SAS System         19:22 Tuesday, October 18, 2022   8

                                                     Birth  Birth
 Obs ID              baseline_CVD    TIMEA    TIMEB   Year  Month    Sex Ethnicity Education Marriage

  15 00100400  06AUG2003:00:00:00  8:39:00  8:58:00   1963      7      2       1         4         1
  16 00100401  06AUG2003:00:00:00 11:42:00 11:52:00   1930      1      1       1         1         1
  17 00100402  06AUG2003:00:00:00  9:31:00  9:40:00   1928      6      2       1         1         1
  18 00100403  06AUG2003:00:00:00  8:40:00  9:00:00   1959     10      2       1         3         1
  19 00100420  06AUG2003:00:00:00  8:10:00  8:30:00   1964      1      1       1         3         1
  20 00100421  06AUG2003:00:00:00 11:40:00 11:50:00   1987      7      2       1         3         4
  21 00100422  06AUG2003:00:00:00 11:40:00 11:50:00   1984      1      2       1         4         4
  22 00100600  06AUG2003:00:00:00 10:01:00 10:17:00   1964      2      1       1         2         1
  23 00100602  06AUG2003:00:00:00  9:35:00  9:43:00   1932      6      2       1         1         2
  24 00100603  06AUG2003:00:00:00  8:58:00  9:20:00   1960      3      1       1         4         1
  25 00100604  06AUG2003:00:00:00 10:03:00 10:12:00   1954     10      2       1         2         1
  26 00100620  06AUG2003:00:00:00  9:30:00  9:41:00   1962      6      2       1         3         1
  27 00100621  06AUG2003:00:00:00 10:18:00 10:30:00   1988      2      1       1         3         4
  28 00100622  06AUG2003:00:00:00  9:36:00  9:46:00   1985      5      2       1         4         4


 Obs Employment    Job HEIGHT1 HEIGHT2  WT1  WT2 WAIST1 WAIST2                 CVD SBP1 DBP1 SBP2

  15        1        2  163.0   162.6  87.5 88.0  106.3  106.0  06AUG2003:00:00:00  112  76   130
  16        3        1  166.8   166.6  65.0 65.0   93.2   93.1  06AUG2003:00:00:00  160  90   144
  17        3        1  159.2   159.0  62.0 62.0   88.8   89.2  06AUG2003:00:00:00  160  88   136
  18        1        2  160.2   160.6  66.5 66.0   90.0   90.1  06AUG2003:00:00:00  110  70    96
  19        1        1     .       .     .    .      .      .   06AUG2003:00:00:00  126  82   124
  20        3        7  153.4   153.4  50.5 50.0   68.1   67.8  06AUG2003:00:00:00   84  48    88
  21        3        7  160.8   106.6  47.5 47.0   63.0   63.5  06AUG2003:00:00:00   94  62    90
  22        1        1  172.0   171.8  65.5 65.5   84.4   83.9  06AUG2003:00:00:00  126  82   130
  23        3        1  159.8   160.0  63.0 63.0   90.1   89.8  06AUG2003:00:00:00  150  76   160
  24        1        1  181.5   181.5  84.5 84.0   97.7   97.4  06AUG2003:00:00:00    .   .   110
  25        1        1  160.0   160.0  70.0 70.0   95.4   94.9  06AUG2003:00:00:00  126  76   110
  26        3        1  156.2   156.0  84.5 84.0  114.4  114.5  06AUG2003:00:00:00  112  82   120
  27        3        7  170.0   170.2  53.0 53.0   64.9   65.1  06AUG2003:00:00:00   88  66    96
  28        3        7  160.4   160.0  53.5 54.0   73.5   73.2  06AUG2003:00:00:00   96  56    90

                           Dateof
 Obs DBP2  SBP3  DBP3       Birth  Age  Duration  WEIGHT  HEIGHT  BMI    SBP      DBP    MAP

  15  86    118   78   07/15/1963   40     19      87.75   162.8   33  120.000  80.0000   93
  16  94    152   90   01/15/1930   74     10      65.00   166.7   23  152.000  91.3333  112
  17  82    144   94   06/15/1928   75      9      62.00   159.1   24  146.667  88.0000  108
  18  66    108   72   10/15/1959   44     20      66.25   160.4   26  104.667  69.3333   81
  19  68    126   80   01/15/1964   40     20        .        .     .  125.333  76.6667   93
  20  44     88   52   07/15/1987   16     10      50.25   153.4   21   86.667  48.0000   61
  21  40     92   66   01/15/1984   20     10      47.25   133.7   26   92.000  56.0000   68
  22  92    124   88   02/15/1964   39     16      65.50   171.9   22  126.667  87.3333  100
  23  78    158   78   06/15/1932   71      8      63.00   159.9   25  156.000  77.3333  104
  24  82      .    .   03/15/1960   43     22      84.25   181.5   26  110.000  82.0000   91
  25  76    118   80   10/15/1954   49      9      70.00   160.0   27  118.000  77.3333   91
  26  84    110   82   06/15/1962   41     11      84.25   156.1   35  114.000  82.6667   93
  27  38     92   70   02/15/1988   15     12      53.00   170.1   18   92.000  58.0000   69
  28  56     90   52   05/15/1985   18     10      53.75   160.2   21   92.000  54.6667   67
                                            The SAS System         19:22 Tuesday, October 18, 2022   9

                                                     Birth  Birth
 Obs ID              baseline_CVD    TIMEA    TIMEB   Year  Month    Sex Ethnicity Education Marriage

  29 00100623  06AUG2003:00:00:00 10:16:00 10:21:00   1986     11      2       1         4         4
  30 00100700  06AUG2003:00:00:00  8:20:00  8:40:00   1982      2      1       1         5         4
  31 00100701  05AUG2003:00:00:00  9:47:00 10:00:00   1959      9      1       1         4         1
  32 00100702  06AUG2003:00:00:00  8:50:00  9:10:00   1959      3      2       1         4         1
  33 00100703  06AUG2003:00:00:00  8:21:00  8:30:00   1984     12      2       1         4         4
  34 00100800  06AUG2003:00:00:00  8:51:00  9:13:00   1958     11      2       1         3         1
  35 00100801  06AUG2003:00:00:00 10:00:00 10:12:00   1928      1      1       1         1         1
  36 00100802  06AUG2003:00:00:00 10:43:00 10:57:00   1938      2      2       1         1         1
  37 00100803  06AUG2003:00:00:00  8:45:00  9:10:00   1965      4      2       1         2         1
  38 00100900  06AUG2003:00:00:00  8:49:00  9:17:00   1946      1      2       1         2         1
  39 00100901  06AUG2003:00:00:00 10:24:00 10:34:00   1923      2      1       1         1         1
  40 00100902  06AUG2003:00:00:00 10:30:00 10:38:00   1928      4      2       1         1         1
  41 00100903  06AUG2003:00:00:00  9:45:00  9:52:00   1957      2      2       1         4         1
  42 00101000  06AUG2003:00:00:00 10:12:00 10:20:00   1959      7      2       1         4         1


 Obs Employment    Job HEIGHT1 HEIGHT2  WT1  WT2 WAIST1 WAIST2                 CVD SBP1 DBP1 SBP2

  29        3        7  154.2   154.6  64.5 64.0   87.3   87.8  06AUG2003:00:00:00  100  56   114
  30        3        7  172.4   172.4  76.0 76.0   90.6   90.3  06AUG2003:00:00:00  124  70   148
  31        1        7  165.0   164.8  56.5 56.5   72.1   71.8  06AUG2003:00:00:00  128  92   134
  32        1        2  162.8   163.2  76.0 76.0  102.2  102.2  06AUG2003:00:00:00  100  62   110
  33        3        7  158.0   158.4  46.5 46.5   64.5   64.2  06AUG2003:00:00:00   90  50    82
  34        1        1     .       .     .    .      .      .   06AUG2003:00:00:00  142  84   130
  35        3        1  162.4   162.6  64.5 64.0   91.0   90.5  06AUG2003:00:00:00  150  80   146
  36        3        1  156.4   156.0  51.0 51.0   88.9   89.2  06AUG2003:00:00:00  210  78   210
  37        3        1  158.6   158.4  64.0 64.0   82.1   82.4  06AUG2003:00:00:00  114  84   120
  38        1        1  158.4   158.6  48.0 48.0   72.8   73.2  06AUG2003:00:00:00  130  88   142
  39        3        1  163.2   162.8  47.0 47.0   71.5   71.2  06AUG2003:00:00:00    .   .   156
  40        3        1  157.4   157.2  56.0 55.5   80.4   80.8  06AUG2003:00:00:00  166  90   144
  41        1        1     .       .     .    .      .      .                    .  102  72     .
  42        1        1  158.0   158.0  68.0 68.0   93.3   93.2  06AUG2003:00:00:00    .   .   124

                           Dateof
 Obs DBP2  SBP3  DBP3       Birth  Age  Duration  WEIGHT  HEIGHT  BMI    SBP      DBP    MAP

  29  56     96   60   11/15/1986   17      5      64.25   154.4   27  103.333  57.3333   73
  30  70    124   70   02/15/1982   21     20      76.00   172.4   26  132.000  70.0000   91
  31  82    132   90   09/15/1959   44     13      56.50   164.9   21  131.333  88.0000  102
  32  68    108   66   03/15/1959   44     20      76.00   163.0   29  106.000  65.3333   79
  33  50     92   54   12/15/1984   19      9      46.50   158.2   19   88.000  51.3333   64
  34  68    136   88   11/15/1958   45     22        .        .     .  136.000  80.0000   99
  35  74    150   80   01/15/1928   76     12      64.25   162.5   24  148.667  78.0000  102
  36  82    208   82   02/15/1938   65     14      51.00   156.2   21  209.333  80.6667  124
  37  80    114   78   04/15/1965   38     25      64.00   158.5   25  116.000  80.6667   92
  38  96    114   86   01/15/1946   58     28      48.00   158.5   19  128.667  90.0000  103
  39  70      .    .   02/15/1923   80     10      47.00   163.0   18  156.000  70.0000   99
  40  78    162   92   04/15/1928   75      8      55.75   157.3   23  157.333  86.6667  110
  41   .    100   64   02/15/1957    .      7        .        .     .  101.000  68.0000   79
  42  88      .    .   07/15/1959   44      8      68.00   158.0   27  124.000  88.0000  100
                                            The SAS System         19:22 Tuesday, October 18, 2022  10

                                                     Birth  Birth
 Obs ID              baseline_CVD    TIMEA    TIMEB   Year  Month    Sex Ethnicity Education Marriage

  43 00101001  06AUG2003:00:00:00 10:37:00 10:47:00   1933      1      1       1         2         1
  44 00101002  06AUG2003:00:00:00  9:30:00  9:40:00   1929      3      2       1         1         1
  45 00101003  06AUG2003:00:00:00  8:46:00  8:55:00   1953     10      2       1         3         1
  46 00101020  05AUG2003:00:00:00  9:35:00  9:45:00   1959     12      1       1         4         1
  47 00101021  06AUG2003:00:00:00  9:46:00  9:57:00   1983     10      1       1         4         4
  48 00101022  06AUG2003:00:00:00 10:50:00 11:00:00   1987      3      2       1         4         4
  49 00101100  06AUG2003:00:00:00  8:40:00  9:10:00   1969     10      1       1         3         1
  50 00101101  06AUG2003:00:00:00  9:55:00 10:05:00   1936      8      1       1         2         1
  51 00101102  06AUG2003:00:00:00 10:05:00 10:10:00   1941     12      2       1         2         1
  52 00101103  06AUG2003:00:00:00  9:00:00  9:20:00   1967      4      2       1         3         1


 Obs Employment    Job HEIGHT1 HEIGHT2  WT1  WT2 WAIST1 WAIST2                 CVD SBP1 DBP1 SBP2

  43        2        2  164.0   163.6  55.5 55.5  77.0   77.1   06AUG2003:00:00:00  152  78   182
  44        3        1  151.8   151.6  46.0 46.0  76.5   76.0   06AUG2003:00:00:00  126  72   120
  45        1        1  151.0   151.0  41.0 41.0  65.6   65.4   06AUG2003:00:00:00   90  60    92
  46        1        1  167.4   167.2  77.0 77.0  96.4   96.3   06AUG2003:00:00:00  134  84   100
  47        3        7  169.4   169.6  83.5 83.0  93.7   93.5   06AUG2003:00:00:00  112  72   110
  48        3        7  160.0   160.4  52.5 53.0  68.2   68.5   06AUG2003:00:00:00  104  70    96
  49        1        3  173.0   173.0  75.5 75.5  84.2   84.5   06AUG2003:00:00:00  110  76   112
  50        3        1  166.0   166.4  54.0 54.0  74.1   74.3   06AUG2003:00:00:00   98  60    84
  51        3        1  157.6   157.6  56.7 57.0  85.1   84.8   06AUG2003:00:00:00   94  52   102
  52        3        1  159.6   160.2  65.5 65.5  87.6   87.2   06AUG2003:00:00:00   96  76   112

                           Dateof
 Obs DBP2  SBP3  DBP3       Birth  Age  Duration  WEIGHT  HEIGHT  BMI    SBP      DBP    MAP

  43  88    148   78   01/15/1933   71     10      55.50   163.8   21  160.667  81.3333  108
  44  54    116   66   03/15/1929   74     10      46.00   151.7   20  120.667  64.0000   83
  45  58     92   64   10/15/1953   50      9      41.00   151.0   18   91.333  60.6667   71
  46  70    126   82   12/15/1959   44     10      77.00   167.3   28  120.000  78.6667   92
  47  64    106   72   10/15/1983   20     11      83.25   169.5   29  109.333  69.3333   83
  48  42     96   64   03/15/1987   16     10      52.75   160.2   21   98.667  58.6667   72
  49  74    104   72   10/15/1969   34     30      75.50   173.0   25  108.667  74.0000   86
  50  44     98   60   08/15/1936   67     10      54.00   166.2   20   93.333  54.6667   68
  51  52    106   50   12/15/1941   62      5      56.85   157.6   23  100.667  51.3333   68
  52  80    104   74   04/15/1967   36     20      65.50   159.9   26  104.000  76.6667   86
                                            The SAS System         19:22 Tuesday, October 18, 2022  11

                                         The MEANS Procedure

          Variable        N            Mean         Std Dev         Minimum         Maximum
          ƒƒƒƒƒƒƒƒƒƒƒƒƒƒƒƒƒƒƒƒƒƒƒƒƒƒƒƒƒƒƒƒƒƒƒƒƒƒƒƒƒƒƒƒƒƒƒƒƒƒƒƒƒƒƒƒƒƒƒƒƒƒƒƒƒƒƒƒƒƒƒƒƒƒƒƒƒƒƒƒƒ
          DateofBirth    52        -1708.88         7104.01       -13469.00        10272.00
          Age            50      47.9800000      19.7344514      15.0000000      80.0000000
          Duration       52      13.5961538       6.4237904       5.0000000      35.0000000
          BMI            49      24.2857143       4.0517486      18.0000000      35.0000000
          MAP            52      88.4615385      14.5095797      61.0000000     124.0000000
          ƒƒƒƒƒƒƒƒƒƒƒƒƒƒƒƒƒƒƒƒƒƒƒƒƒƒƒƒƒƒƒƒƒƒƒƒƒƒƒƒƒƒƒƒƒƒƒƒƒƒƒƒƒƒƒƒƒƒƒƒƒƒƒƒƒƒƒƒƒƒƒƒƒƒƒƒƒƒƒƒƒ
                                            The SAS System         19:22 Tuesday, October 18, 2022  12

                                                     Birth  Birth
 Obs ID              baseline_CVD    TIMEA    TIMEB   Year  Month    Sex Ethnicity Education Marriage

   1 00100100  06AUG2003:00:00:00 10:04:00 10:17:00   1963      8      2       1         3         1
   2 00100101  06AUG2003:00:00:00  8:59:00  9:17:00   1925      8      1       1         1         1
   3 00100102  06AUG2003:00:00:00  9:00:00  9:10:00   1938      9      2       1         1         1
   4 00100103  06AUG2003:00:00:00  9:55:00 10:02:00   1971      4      2       1         3         1
   5 00100200  06AUG2003:00:00:00  9:30:00  9:45:00   1946     12      1       1         3         1
   6 00100201  06AUG2003:00:00:00  9:55:00 10:10:00   1929      1      1       1         1         1
   7 00100202  06AUG2003:00:00:00  9:20:00  9:30:00   1930     11      2       1         2         1
   8 00100203  06AUG2003:00:00:00  9:42:00  9:52:00   1955      2      2       1         3         1
   9 00100204  05AUG2003:00:00:00  8:12:00  8:26:00   1952      3      2       1         5         1
  10 00100300  06AUG2003:00:00:00  9:47:00  9:59:00   1958      7      2       1         2         1
  11 00100301  06AUG2003:00:00:00  8:05:00  8:40:00   1937      1      1       1         1         1
  12 00100302  06AUG2003:00:00:00  8:03:00  8:13:00   1936      3      2       1         1         1
  13 00100303  06AUG2003:00:00:00  9:15:00  9:25:00   1963     12      2       1         4         1
  14 00100304  06AUG2003:00:00:00 10:00:00 10:16:00   1962      9      1       1         3         1


 Obs Employment    Job HEIGHT1 HEIGHT2  WT1  WT2 WAIST1 WAIST2                 CVD SBP1 DBP1 SBP2

   1        1        1  154.4   154.0  68.0 68.0   90.5   91.0  06AUG2003:00:00:00  120  88   114
   2        1        7  164.6      .   58.5 58.5   81.9   81.4  06AUG2003:00:00:00   98  68   122
   3        3        1  144.0      .   40.5 40.0   70.0   69.1                   .   96  56     .
   4        1        3  151.0   151.4  64.0 64.0   80.7   80.4  06AUG2003:00:00:00  102  76   100
   5        2        6  165.0   164.8  80.0 80.0  104.5  105.0  06AUG2003:00:00:00  118  72   122
   6        3        1  164.0      .   61.5 61.0   84.6   84.1  06AUG2003:00:00:00  148  64   142
   7        3        1  151.4   151.2  57.0 57.0   96.3   96.4  06AUG2003:00:00:00  108  60   122
   8        1        1  146.0   145.6  58.5 58.5   92.2   91.8  06AUG2003:00:00:00  108  66    98
   9        1        7  151.2      .   71.5 71.5   98.7   98.8  06AUG2003:00:00:00  108  58   110
  10        3        1  160.8   160.8  72.5 72.5   98.6   98.3  06AUG2003:00:00:00  134  88   138
  11        3        1  165.6   165.6  57.5 57.0   78.9   78.8  06AUG2003:00:00:00  156  86   160
  12        3        1  151.4   151.8  65.0 65.0   98.7   98.4  06AUG2003:00:00:00  156  86   150
  13        1        3  162.4   162.4  52.0 51.5   77.3   77.2  06AUG2003:00:00:00  114  66   112
  14        3        1  172.2   172.2  64.0 64.0   86.4   86.5  06AUG2003:00:00:00  114  60   130

                           Dateof
 Obs DBP2  SBP3  DBP3       Birth  Age  Duration  WEIGHT  HEIGHT  BMI    SBP      DBP    MAP  Woman

   1  80    108   88   08/15/1963   40     13      68.00   154.2   29  114.000  85.3333   95    1
   2  80    104   68   08/15/1925   78     18      58.50   164.6   22  108.000  72.0000   84    0
   3   .     98   56   09/15/1938    .     10      40.25   144.0   19   97.000  56.0000   70    1
   4  72    100   70   04/15/1971   32      7      64.00   151.2   28  100.667  72.6667   82    1
   5  70    118   80   12/15/1946   57     15      80.00   164.9   29  119.333  74.0000   89    0
   6  60    140   68   01/15/1929   75     15      61.25   164.0   23  143.333  64.0000   90    0
   7  62    110   64   11/15/1930   73     10      57.00   151.3   25  113.333  62.0000   79    1
   8  66    106   70   02/15/1955   48     10      58.50   145.8   28  104.000  67.3333   80    1
   9  64    116   64   03/15/1952   51     14      71.50   151.2   31  111.333  62.0000   78    1
  10  74    138   92   07/15/1958   45     12      72.50   160.8   28  136.667  84.6667  102    1
  11  98    144   86   01/15/1937   67     35      57.25   165.6   21  153.333  90.0000  111    0
  12  72    154   82   03/15/1936   67     10      65.00   151.6   28  153.333  80.0000  104    1
  13  58    116   70   12/15/1963   40     10      51.75   162.4   20  114.000  64.6667   81    1
  14  84    122   76   09/15/1962   41     16      64.00   172.2   22  122.000  73.3333   90    0
                                            The SAS System         19:22 Tuesday, October 18, 2022  13

                                                     Birth  Birth
 Obs ID              baseline_CVD    TIMEA    TIMEB   Year  Month    Sex Ethnicity Education Marriage

  15 00100400  06AUG2003:00:00:00  8:39:00  8:58:00   1963      7      2       1         4         1
  16 00100401  06AUG2003:00:00:00 11:42:00 11:52:00   1930      1      1       1         1         1
  17 00100402  06AUG2003:00:00:00  9:31:00  9:40:00   1928      6      2       1         1         1
  18 00100403  06AUG2003:00:00:00  8:40:00  9:00:00   1959     10      2       1         3         1
  19 00100420  06AUG2003:00:00:00  8:10:00  8:30:00   1964      1      1       1         3         1
  20 00100421  06AUG2003:00:00:00 11:40:00 11:50:00   1987      7      2       1         3         4
  21 00100422  06AUG2003:00:00:00 11:40:00 11:50:00   1984      1      2       1         4         4
  22 00100600  06AUG2003:00:00:00 10:01:00 10:17:00   1964      2      1       1         2         1
  23 00100602  06AUG2003:00:00:00  9:35:00  9:43:00   1932      6      2       1         1         2
  24 00100603  06AUG2003:00:00:00  8:58:00  9:20:00   1960      3      1       1         4         1
  25 00100604  06AUG2003:00:00:00 10:03:00 10:12:00   1954     10      2       1         2         1
  26 00100620  06AUG2003:00:00:00  9:30:00  9:41:00   1962      6      2       1         3         1
  27 00100621  06AUG2003:00:00:00 10:18:00 10:30:00   1988      2      1       1         3         4
  28 00100622  06AUG2003:00:00:00  9:36:00  9:46:00   1985      5      2       1         4         4


 Obs Employment    Job HEIGHT1 HEIGHT2  WT1  WT2 WAIST1 WAIST2                 CVD SBP1 DBP1 SBP2

  15        1        2  163.0   162.6  87.5 88.0  106.3  106.0  06AUG2003:00:00:00  112  76   130
  16        3        1  166.8   166.6  65.0 65.0   93.2   93.1  06AUG2003:00:00:00  160  90   144
  17        3        1  159.2   159.0  62.0 62.0   88.8   89.2  06AUG2003:00:00:00  160  88   136
  18        1        2  160.2   160.6  66.5 66.0   90.0   90.1  06AUG2003:00:00:00  110  70    96
  19        1        1     .       .     .    .      .      .   06AUG2003:00:00:00  126  82   124
  20        3        7  153.4   153.4  50.5 50.0   68.1   67.8  06AUG2003:00:00:00   84  48    88
  21        3        7  160.8   106.6  47.5 47.0   63.0   63.5  06AUG2003:00:00:00   94  62    90
  22        1        1  172.0   171.8  65.5 65.5   84.4   83.9  06AUG2003:00:00:00  126  82   130
  23        3        1  159.8   160.0  63.0 63.0   90.1   89.8  06AUG2003:00:00:00  150  76   160
  24        1        1  181.5   181.5  84.5 84.0   97.7   97.4  06AUG2003:00:00:00    .   .   110
  25        1        1  160.0   160.0  70.0 70.0   95.4   94.9  06AUG2003:00:00:00  126  76   110
  26        3        1  156.2   156.0  84.5 84.0  114.4  114.5  06AUG2003:00:00:00  112  82   120
  27        3        7  170.0   170.2  53.0 53.0   64.9   65.1  06AUG2003:00:00:00   88  66    96
  28        3        7  160.4   160.0  53.5 54.0   73.5   73.2  06AUG2003:00:00:00   96  56    90

                           Dateof
 Obs DBP2  SBP3  DBP3       Birth  Age  Duration  WEIGHT  HEIGHT  BMI    SBP      DBP    MAP  Woman

  15  86    118   78   07/15/1963   40     19      87.75   162.8   33  120.000  80.0000   93    1
  16  94    152   90   01/15/1930   74     10      65.00   166.7   23  152.000  91.3333  112    0
  17  82    144   94   06/15/1928   75      9      62.00   159.1   24  146.667  88.0000  108    1
  18  66    108   72   10/15/1959   44     20      66.25   160.4   26  104.667  69.3333   81    1
  19  68    126   80   01/15/1964   40     20        .        .     .  125.333  76.6667   93    0
  20  44     88   52   07/15/1987   16     10      50.25   153.4   21   86.667  48.0000   61    1
  21  40     92   66   01/15/1984   20     10      47.25   133.7   26   92.000  56.0000   68    1
  22  92    124   88   02/15/1964   39     16      65.50   171.9   22  126.667  87.3333  100    0
  23  78    158   78   06/15/1932   71      8      63.00   159.9   25  156.000  77.3333  104    1
  24  82      .    .   03/15/1960   43     22      84.25   181.5   26  110.000  82.0000   91    0
  25  76    118   80   10/15/1954   49      9      70.00   160.0   27  118.000  77.3333   91    1
  26  84    110   82   06/15/1962   41     11      84.25   156.1   35  114.000  82.6667   93    1
  27  38     92   70   02/15/1988   15     12      53.00   170.1   18   92.000  58.0000   69    0
  28  56     90   52   05/15/1985   18     10      53.75   160.2   21   92.000  54.6667   67    1
                                            The SAS System         19:22 Tuesday, October 18, 2022  14

                                                     Birth  Birth
 Obs ID              baseline_CVD    TIMEA    TIMEB   Year  Month    Sex Ethnicity Education Marriage

  29 00100623  06AUG2003:00:00:00 10:16:00 10:21:00   1986     11      2       1         4         4
  30 00100700  06AUG2003:00:00:00  8:20:00  8:40:00   1982      2      1       1         5         4
  31 00100701  05AUG2003:00:00:00  9:47:00 10:00:00   1959      9      1       1         4         1
  32 00100702  06AUG2003:00:00:00  8:50:00  9:10:00   1959      3      2       1         4         1
  33 00100703  06AUG2003:00:00:00  8:21:00  8:30:00   1984     12      2       1         4         4
  34 00100800  06AUG2003:00:00:00  8:51:00  9:13:00   1958     11      2       1         3         1
  35 00100801  06AUG2003:00:00:00 10:00:00 10:12:00   1928      1      1       1         1         1
  36 00100802  06AUG2003:00:00:00 10:43:00 10:57:00   1938      2      2       1         1         1
  37 00100803  06AUG2003:00:00:00  8:45:00  9:10:00   1965      4      2       1         2         1
  38 00100900  06AUG2003:00:00:00  8:49:00  9:17:00   1946      1      2       1         2         1
  39 00100901  06AUG2003:00:00:00 10:24:00 10:34:00   1923      2      1       1         1         1
  40 00100902  06AUG2003:00:00:00 10:30:00 10:38:00   1928      4      2       1         1         1
  41 00100903  06AUG2003:00:00:00  9:45:00  9:52:00   1957      2      2       1         4         1
  42 00101000  06AUG2003:00:00:00 10:12:00 10:20:00   1959      7      2       1         4         1


 Obs Employment    Job HEIGHT1 HEIGHT2  WT1  WT2 WAIST1 WAIST2                 CVD SBP1 DBP1 SBP2

  29        3        7  154.2   154.6  64.5 64.0   87.3   87.8  06AUG2003:00:00:00  100  56   114
  30        3        7  172.4   172.4  76.0 76.0   90.6   90.3  06AUG2003:00:00:00  124  70   148
  31        1        7  165.0   164.8  56.5 56.5   72.1   71.8  06AUG2003:00:00:00  128  92   134
  32        1        2  162.8   163.2  76.0 76.0  102.2  102.2  06AUG2003:00:00:00  100  62   110
  33        3        7  158.0   158.4  46.5 46.5   64.5   64.2  06AUG2003:00:00:00   90  50    82
  34        1        1     .       .     .    .      .      .   06AUG2003:00:00:00  142  84   130
  35        3        1  162.4   162.6  64.5 64.0   91.0   90.5  06AUG2003:00:00:00  150  80   146
  36        3        1  156.4   156.0  51.0 51.0   88.9   89.2  06AUG2003:00:00:00  210  78   210
  37        3        1  158.6   158.4  64.0 64.0   82.1   82.4  06AUG2003:00:00:00  114  84   120
  38        1        1  158.4   158.6  48.0 48.0   72.8   73.2  06AUG2003:00:00:00  130  88   142
  39        3        1  163.2   162.8  47.0 47.0   71.5   71.2  06AUG2003:00:00:00    .   .   156
  40        3        1  157.4   157.2  56.0 55.5   80.4   80.8  06AUG2003:00:00:00  166  90   144
  41        1        1     .       .     .    .      .      .                    .  102  72     .
  42        1        1  158.0   158.0  68.0 68.0   93.3   93.2  06AUG2003:00:00:00    .   .   124

                           Dateof
 Obs DBP2  SBP3  DBP3       Birth  Age  Duration  WEIGHT  HEIGHT  BMI    SBP      DBP    MAP  Woman

  29  56     96   60   11/15/1986   17      5      64.25   154.4   27  103.333  57.3333   73    1
  30  70    124   70   02/15/1982   21     20      76.00   172.4   26  132.000  70.0000   91    0
  31  82    132   90   09/15/1959   44     13      56.50   164.9   21  131.333  88.0000  102    0
  32  68    108   66   03/15/1959   44     20      76.00   163.0   29  106.000  65.3333   79    1
  33  50     92   54   12/15/1984   19      9      46.50   158.2   19   88.000  51.3333   64    1
  34  68    136   88   11/15/1958   45     22        .        .     .  136.000  80.0000   99    1
  35  74    150   80   01/15/1928   76     12      64.25   162.5   24  148.667  78.0000  102    0
  36  82    208   82   02/15/1938   65     14      51.00   156.2   21  209.333  80.6667  124    1
  37  80    114   78   04/15/1965   38     25      64.00   158.5   25  116.000  80.6667   92    1
  38  96    114   86   01/15/1946   58     28      48.00   158.5   19  128.667  90.0000  103    1
  39  70      .    .   02/15/1923   80     10      47.00   163.0   18  156.000  70.0000   99    0
  40  78    162   92   04/15/1928   75      8      55.75   157.3   23  157.333  86.6667  110    1
  41   .    100   64   02/15/1957    .      7        .        .     .  101.000  68.0000   79    1
  42  88      .    .   07/15/1959   44      8      68.00   158.0   27  124.000  88.0000  100    1
                                            The SAS System         19:22 Tuesday, October 18, 2022  15

                                                     Birth  Birth
 Obs ID              baseline_CVD    TIMEA    TIMEB   Year  Month    Sex Ethnicity Education Marriage

  43 00101001  06AUG2003:00:00:00 10:37:00 10:47:00   1933      1      1       1         2         1
  44 00101002  06AUG2003:00:00:00  9:30:00  9:40:00   1929      3      2       1         1         1
  45 00101003  06AUG2003:00:00:00  8:46:00  8:55:00   1953     10      2       1         3         1
  46 00101020  05AUG2003:00:00:00  9:35:00  9:45:00   1959     12      1       1         4         1
  47 00101021  06AUG2003:00:00:00  9:46:00  9:57:00   1983     10      1       1         4         4
  48 00101022  06AUG2003:00:00:00 10:50:00 11:00:00   1987      3      2       1         4         4
  49 00101100  06AUG2003:00:00:00  8:40:00  9:10:00   1969     10      1       1         3         1
  50 00101101  06AUG2003:00:00:00  9:55:00 10:05:00   1936      8      1       1         2         1
  51 00101102  06AUG2003:00:00:00 10:05:00 10:10:00   1941     12      2       1         2         1
  52 00101103  06AUG2003:00:00:00  9:00:00  9:20:00   1967      4      2       1         3         1


 Obs Employment    Job HEIGHT1 HEIGHT2  WT1  WT2 WAIST1 WAIST2                 CVD SBP1 DBP1 SBP2

  43        2        2  164.0   163.6  55.5 55.5  77.0   77.1   06AUG2003:00:00:00  152  78   182
  44        3        1  151.8   151.6  46.0 46.0  76.5   76.0   06AUG2003:00:00:00  126  72   120
  45        1        1  151.0   151.0  41.0 41.0  65.6   65.4   06AUG2003:00:00:00   90  60    92
  46        1        1  167.4   167.2  77.0 77.0  96.4   96.3   06AUG2003:00:00:00  134  84   100
  47        3        7  169.4   169.6  83.5 83.0  93.7   93.5   06AUG2003:00:00:00  112  72   110
  48        3        7  160.0   160.4  52.5 53.0  68.2   68.5   06AUG2003:00:00:00  104  70    96
  49        1        3  173.0   173.0  75.5 75.5  84.2   84.5   06AUG2003:00:00:00  110  76   112
  50        3        1  166.0   166.4  54.0 54.0  74.1   74.3   06AUG2003:00:00:00   98  60    84
  51        3        1  157.6   157.6  56.7 57.0  85.1   84.8   06AUG2003:00:00:00   94  52   102
  52        3        1  159.6   160.2  65.5 65.5  87.6   87.2   06AUG2003:00:00:00   96  76   112

                           Dateof
 Obs DBP2  SBP3  DBP3       Birth  Age  Duration  WEIGHT  HEIGHT  BMI    SBP      DBP    MAP  Woman

  43  88    148   78   01/15/1933   71     10      55.50   163.8   21  160.667  81.3333  108    0
  44  54    116   66   03/15/1929   74     10      46.00   151.7   20  120.667  64.0000   83    1
  45  58     92   64   10/15/1953   50      9      41.00   151.0   18   91.333  60.6667   71    1
  46  70    126   82   12/15/1959   44     10      77.00   167.3   28  120.000  78.6667   92    0
  47  64    106   72   10/15/1983   20     11      83.25   169.5   29  109.333  69.3333   83    0
  48  42     96   64   03/15/1987   16     10      52.75   160.2   21   98.667  58.6667   72    1
  49  74    104   72   10/15/1969   34     30      75.50   173.0   25  108.667  74.0000   86    0
  50  44     98   60   08/15/1936   67     10      54.00   166.2   20   93.333  54.6667   68    0
  51  52    106   50   12/15/1941   62      5      56.85   157.6   23  100.667  51.3333   68    1
  52  80    104   74   04/15/1967   36     20      65.50   159.9   26  104.000  76.6667   86    1
                                            The SAS System         19:22 Tuesday, October 18, 2022  16

                                                              Birth    Birth
 Obs  ID                baseline_CVD      TIMEA      TIMEB     Year    Month      Sex   Ethnicity

   1  00100100    06AUG2003:00:00:00   10:04:00   10:17:00     1963        8        2         1
   2  00100101    06AUG2003:00:00:00    8:59:00    9:17:00     1925        8        1         1
   3  00100102    06AUG2003:00:00:00    9:00:00    9:10:00     1938        9        2         1
   4  00100103    06AUG2003:00:00:00    9:55:00   10:02:00     1971        4        2         1
   5  00100200    06AUG2003:00:00:00    9:30:00    9:45:00     1946       12        1         1
   6  00100201    06AUG2003:00:00:00    9:55:00   10:10:00     1929        1        1         1
   7  00100202    06AUG2003:00:00:00    9:20:00    9:30:00     1930       11        2         1
   8  00100203    06AUG2003:00:00:00    9:42:00    9:52:00     1955        2        2         1
   9  00100204    05AUG2003:00:00:00    8:12:00    8:26:00     1952        3        2         1


 Obs  Education   Marriage   Employment      Job   HEIGHT1   HEIGHT2    WT1    WT2   WAIST1   WAIST2

   1        3           1           1          1    154.4     154.0    68.0   68.0     90.5     91.0
   2        1           1           1          7    164.6        .     58.5   58.5     81.9     81.4
   3        1           1           3          1    144.0        .     40.5   40.0     70.0     69.1
   4        3           1           1          3    151.0     151.4    64.0   64.0     80.7     80.4
   5        3           1           2          6    165.0     164.8    80.0   80.0    104.5    105.0
   6        1           1           3          1    164.0        .     61.5   61.0     84.6     84.1
   7        2           1           3          1    151.4     151.2    57.0   57.0     96.3     96.4
   8        3           1           1          1    146.0     145.6    58.5   58.5     92.2     91.8
   9        5           1           1          7    151.2        .     71.5   71.5     98.7     98.8

                                                                   Dateof
 Obs                  CVD  SBP1  DBP1  SBP2  DBP2  SBP3  DBP3       Birth  Age  Duration  WEIGHT

   1   06AUG2003:00:00:00   120   88    114   80    108   88   08/15/1963   40     13      68.00
   2   06AUG2003:00:00:00    98   68    122   80    104   68   08/15/1925   78     18      58.50
   3                    .    96   56      .    .     98   56   09/15/1938    .     10      40.25
   4   06AUG2003:00:00:00   102   76    100   72    100   70   04/15/1971   32      7      64.00
   5   06AUG2003:00:00:00   118   72    122   70    118   80   12/15/1946   57     15      80.00
   6   06AUG2003:00:00:00   148   64    142   60    140   68   01/15/1929   75     15      61.25
   7   06AUG2003:00:00:00   108   60    122   62    110   64   11/15/1930   73     10      57.00
   8   06AUG2003:00:00:00   108   66     98   66    106   70   02/15/1955   48     10      58.50
   9   06AUG2003:00:00:00   108   58    110   64    116   64   03/15/1952   51     14      71.50


 Obs  HEIGHT   BMI     SBP       DBP     MAP   Woman   BMICat   underweight   normal   overweight

   1   154.2    29   114.000   85.3333    95     1        3          0           0          1
   2   164.6    22   108.000   72.0000    84     0        2          0           1          0
   3   144.0    19    97.000   56.0000    70     1        2          0           1          0
   4   151.2    28   100.667   72.6667    82     1        3          0           0          1
   5   164.9    29   119.333   74.0000    89     0        3          0           0          1
   6   164.0    23   143.333   64.0000    90     0        2          0           1          0
   7   151.3    25   113.333   62.0000    79     1        3          0           0          1
   8   145.8    28   104.000   67.3333    80     1        3          0           0          1
   9   151.2    31   111.333   62.0000    78     1        4          0           0          0
                                            The SAS System         19:22 Tuesday, October 18, 2022  17

                                                              Birth    Birth
 Obs  ID                baseline_CVD      TIMEA      TIMEB     Year    Month      Sex   Ethnicity

  10  00100300    06AUG2003:00:00:00    9:47:00    9:59:00     1958        7        2         1
  11  00100301    06AUG2003:00:00:00    8:05:00    8:40:00     1937        1        1         1
  12  00100302    06AUG2003:00:00:00    8:03:00    8:13:00     1936        3        2         1
  13  00100303    06AUG2003:00:00:00    9:15:00    9:25:00     1963       12        2         1
  14  00100304    06AUG2003:00:00:00   10:00:00   10:16:00     1962        9        1         1
  15  00100400    06AUG2003:00:00:00    8:39:00    8:58:00     1963        7        2         1
  16  00100401    06AUG2003:00:00:00   11:42:00   11:52:00     1930        1        1         1
  17  00100402    06AUG2003:00:00:00    9:31:00    9:40:00     1928        6        2         1
  18  00100403    06AUG2003:00:00:00    8:40:00    9:00:00     1959       10        2         1


 Obs  Education   Marriage   Employment      Job   HEIGHT1   HEIGHT2    WT1    WT2   WAIST1   WAIST2

  10        2           1           3          1    160.8     160.8    72.5   72.5     98.6     98.3
  11        1           1           3          1    165.6     165.6    57.5   57.0     78.9     78.8
  12        1           1           3          1    151.4     151.8    65.0   65.0     98.7     98.4
  13        4           1           1          3    162.4     162.4    52.0   51.5     77.3     77.2
  14        3           1           3          1    172.2     172.2    64.0   64.0     86.4     86.5
  15        4           1           1          2    163.0     162.6    87.5   88.0    106.3    106.0
  16        1           1           3          1    166.8     166.6    65.0   65.0     93.2     93.1
  17        1           1           3          1    159.2     159.0    62.0   62.0     88.8     89.2
  18        3           1           1          2    160.2     160.6    66.5   66.0     90.0     90.1

                                                                   Dateof
 Obs                  CVD  SBP1  DBP1  SBP2  DBP2  SBP3  DBP3       Birth  Age  Duration  WEIGHT

  10   06AUG2003:00:00:00   134   88    138   74    138   92   07/15/1958   45     12      72.50
  11   06AUG2003:00:00:00   156   86    160   98    144   86   01/15/1937   67     35      57.25
  12   06AUG2003:00:00:00   156   86    150   72    154   82   03/15/1936   67     10      65.00
  13   06AUG2003:00:00:00   114   66    112   58    116   70   12/15/1963   40     10      51.75
  14   06AUG2003:00:00:00   114   60    130   84    122   76   09/15/1962   41     16      64.00
  15   06AUG2003:00:00:00   112   76    130   86    118   78   07/15/1963   40     19      87.75
  16   06AUG2003:00:00:00   160   90    144   94    152   90   01/15/1930   74     10      65.00
  17   06AUG2003:00:00:00   160   88    136   82    144   94   06/15/1928   75      9      62.00
  18   06AUG2003:00:00:00   110   70     96   66    108   72   10/15/1959   44     20      66.25


 Obs  HEIGHT   BMI     SBP       DBP     MAP   Woman   BMICat   underweight   normal   overweight

  10   160.8    28   136.667   84.6667   102     1        3          0           0          1
  11   165.6    21   153.333   90.0000   111     0        2          0           1          0
  12   151.6    28   153.333   80.0000   104     1        3          0           0          1
  13   162.4    20   114.000   64.6667    81     1        2          0           1          0
  14   172.2    22   122.000   73.3333    90     0        2          0           1          0
  15   162.8    33   120.000   80.0000    93     1        4          0           0          0
  16   166.7    23   152.000   91.3333   112     0        2          0           1          0
  17   159.1    24   146.667   88.0000   108     1        2          0           1          0
  18   160.4    26   104.667   69.3333    81     1        3          0           0          1
                                            The SAS System         19:22 Tuesday, October 18, 2022  18

                                                              Birth    Birth
 Obs  ID                baseline_CVD      TIMEA      TIMEB     Year    Month      Sex   Ethnicity

  19  00100420    06AUG2003:00:00:00    8:10:00    8:30:00     1964        1        1         1
  20  00100421    06AUG2003:00:00:00   11:40:00   11:50:00     1987        7        2         1
  21  00100422    06AUG2003:00:00:00   11:40:00   11:50:00     1984        1        2         1
  22  00100600    06AUG2003:00:00:00   10:01:00   10:17:00     1964        2        1         1
  23  00100602    06AUG2003:00:00:00    9:35:00    9:43:00     1932        6        2         1
  24  00100603    06AUG2003:00:00:00    8:58:00    9:20:00     1960        3        1         1
  25  00100604    06AUG2003:00:00:00   10:03:00   10:12:00     1954       10        2         1
  26  00100620    06AUG2003:00:00:00    9:30:00    9:41:00     1962        6        2         1
  27  00100621    06AUG2003:00:00:00   10:18:00   10:30:00     1988        2        1         1


 Obs  Education   Marriage   Employment      Job   HEIGHT1   HEIGHT2    WT1    WT2   WAIST1   WAIST2

  19        3           1           1          1       .         .       .      .        .        .
  20        3           4           3          7    153.4     153.4    50.5   50.0     68.1     67.8
  21        4           4           3          7    160.8     106.6    47.5   47.0     63.0     63.5
  22        2           1           1          1    172.0     171.8    65.5   65.5     84.4     83.9
  23        1           2           3          1    159.8     160.0    63.0   63.0     90.1     89.8
  24        4           1           1          1    181.5     181.5    84.5   84.0     97.7     97.4
  25        2           1           1          1    160.0     160.0    70.0   70.0     95.4     94.9
  26        3           1           3          1    156.2     156.0    84.5   84.0    114.4    114.5
  27        3           4           3          7    170.0     170.2    53.0   53.0     64.9     65.1

                                                                   Dateof
 Obs                  CVD  SBP1  DBP1  SBP2  DBP2  SBP3  DBP3       Birth  Age  Duration  WEIGHT

  19   06AUG2003:00:00:00   126   82    124   68    126   80   01/15/1964   40     20        .
  20   06AUG2003:00:00:00    84   48     88   44     88   52   07/15/1987   16     10      50.25
  21   06AUG2003:00:00:00    94   62     90   40     92   66   01/15/1984   20     10      47.25
  22   06AUG2003:00:00:00   126   82    130   92    124   88   02/15/1964   39     16      65.50
  23   06AUG2003:00:00:00   150   76    160   78    158   78   06/15/1932   71      8      63.00
  24   06AUG2003:00:00:00     .    .    110   82      .    .   03/15/1960   43     22      84.25
  25   06AUG2003:00:00:00   126   76    110   76    118   80   10/15/1954   49      9      70.00
  26   06AUG2003:00:00:00   112   82    120   84    110   82   06/15/1962   41     11      84.25
  27   06AUG2003:00:00:00    88   66     96   38     92   70   02/15/1988   15     12      53.00


 Obs  HEIGHT   BMI     SBP       DBP     MAP   Woman   BMICat   underweight   normal   overweight

  19      .      .   125.333   76.6667    93     0        .          .           .          .
  20   153.4    21    86.667   48.0000    61     1        2          0           1          0
  21   133.7    26    92.000   56.0000    68     1        3          0           0          1
  22   171.9    22   126.667   87.3333   100     0        2          0           1          0
  23   159.9    25   156.000   77.3333   104     1        3          0           0          1
  24   181.5    26   110.000   82.0000    91     0        3          0           0          1
  25   160.0    27   118.000   77.3333    91     1        3          0           0          1
  26   156.1    35   114.000   82.6667    93     1        4          0           0          0
  27   170.1    18    92.000   58.0000    69     0        1          1           0          0
                                            The SAS System         19:22 Tuesday, October 18, 2022  19

                                                              Birth    Birth
 Obs  ID                baseline_CVD      TIMEA      TIMEB     Year    Month      Sex   Ethnicity

  28  00100622    06AUG2003:00:00:00    9:36:00    9:46:00     1985        5        2         1
  29  00100623    06AUG2003:00:00:00   10:16:00   10:21:00     1986       11        2         1
  30  00100700    06AUG2003:00:00:00    8:20:00    8:40:00     1982        2        1         1
  31  00100701    05AUG2003:00:00:00    9:47:00   10:00:00     1959        9        1         1
  32  00100702    06AUG2003:00:00:00    8:50:00    9:10:00     1959        3        2         1
  33  00100703    06AUG2003:00:00:00    8:21:00    8:30:00     1984       12        2         1
  34  00100800    06AUG2003:00:00:00    8:51:00    9:13:00     1958       11        2         1
  35  00100801    06AUG2003:00:00:00   10:00:00   10:12:00     1928        1        1         1
  36  00100802    06AUG2003:00:00:00   10:43:00   10:57:00     1938        2        2         1


 Obs  Education   Marriage   Employment      Job   HEIGHT1   HEIGHT2    WT1    WT2   WAIST1   WAIST2

  28        4           4           3          7    160.4     160.0    53.5   54.0     73.5     73.2
  29        4           4           3          7    154.2     154.6    64.5   64.0     87.3     87.8
  30        5           4           3          7    172.4     172.4    76.0   76.0     90.6     90.3
  31        4           1           1          7    165.0     164.8    56.5   56.5     72.1     71.8
  32        4           1           1          2    162.8     163.2    76.0   76.0    102.2    102.2
  33        4           4           3          7    158.0     158.4    46.5   46.5     64.5     64.2
  34        3           1           1          1       .         .       .      .        .        .
  35        1           1           3          1    162.4     162.6    64.5   64.0     91.0     90.5
  36        1           1           3          1    156.4     156.0    51.0   51.0     88.9     89.2

                                                                   Dateof
 Obs                  CVD  SBP1  DBP1  SBP2  DBP2  SBP3  DBP3       Birth  Age  Duration  WEIGHT

  28   06AUG2003:00:00:00    96   56     90   56     90   52   05/15/1985   18     10      53.75
  29   06AUG2003:00:00:00   100   56    114   56     96   60   11/15/1986   17      5      64.25
  30   06AUG2003:00:00:00   124   70    148   70    124   70   02/15/1982   21     20      76.00
  31   06AUG2003:00:00:00   128   92    134   82    132   90   09/15/1959   44     13      56.50
  32   06AUG2003:00:00:00   100   62    110   68    108   66   03/15/1959   44     20      76.00
  33   06AUG2003:00:00:00    90   50     82   50     92   54   12/15/1984   19      9      46.50
  34   06AUG2003:00:00:00   142   84    130   68    136   88   11/15/1958   45     22        .
  35   06AUG2003:00:00:00   150   80    146   74    150   80   01/15/1928   76     12      64.25
  36   06AUG2003:00:00:00   210   78    210   82    208   82   02/15/1938   65     14      51.00


 Obs  HEIGHT   BMI     SBP       DBP     MAP   Woman   BMICat   underweight   normal   overweight

  28   160.2    21    92.000   54.6667    67     1        2          0           1          0
  29   154.4    27   103.333   57.3333    73     1        3          0           0          1
  30   172.4    26   132.000   70.0000    91     0        3          0           0          1
  31   164.9    21   131.333   88.0000   102     0        2          0           1          0
  32   163.0    29   106.000   65.3333    79     1        3          0           0          1
  33   158.2    19    88.000   51.3333    64     1        2          0           1          0
  34      .      .   136.000   80.0000    99     1        .          .           .          .
  35   162.5    24   148.667   78.0000   102     0        2          0           1          0
  36   156.2    21   209.333   80.6667   124     1        2          0           1          0
                                            The SAS System         19:22 Tuesday, October 18, 2022  20

                                                              Birth    Birth
 Obs  ID                baseline_CVD      TIMEA      TIMEB     Year    Month      Sex   Ethnicity

  37  00100803    06AUG2003:00:00:00    8:45:00    9:10:00     1965        4        2         1
  38  00100900    06AUG2003:00:00:00    8:49:00    9:17:00     1946        1        2         1
  39  00100901    06AUG2003:00:00:00   10:24:00   10:34:00     1923        2        1         1
  40  00100902    06AUG2003:00:00:00   10:30:00   10:38:00     1928        4        2         1
  41  00100903    06AUG2003:00:00:00    9:45:00    9:52:00     1957        2        2         1
  42  00101000    06AUG2003:00:00:00   10:12:00   10:20:00     1959        7        2         1
  43  00101001    06AUG2003:00:00:00   10:37:00   10:47:00     1933        1        1         1
  44  00101002    06AUG2003:00:00:00    9:30:00    9:40:00     1929        3        2         1
  45  00101003    06AUG2003:00:00:00    8:46:00    8:55:00     1953       10        2         1


 Obs  Education   Marriage   Employment      Job   HEIGHT1   HEIGHT2    WT1    WT2   WAIST1   WAIST2

  37        2           1           3          1    158.6     158.4    64.0   64.0    82.1     82.4
  38        2           1           1          1    158.4     158.6    48.0   48.0    72.8     73.2
  39        1           1           3          1    163.2     162.8    47.0   47.0    71.5     71.2
  40        1           1           3          1    157.4     157.2    56.0   55.5    80.4     80.8
  41        4           1           1          1       .         .       .      .       .        .
  42        4           1           1          1    158.0     158.0    68.0   68.0    93.3     93.2
  43        2           1           2          2    164.0     163.6    55.5   55.5    77.0     77.1
  44        1           1           3          1    151.8     151.6    46.0   46.0    76.5     76.0
  45        3           1           1          1    151.0     151.0    41.0   41.0    65.6     65.4

                                                                   Dateof
 Obs                  CVD  SBP1  DBP1  SBP2  DBP2  SBP3  DBP3       Birth  Age  Duration  WEIGHT

  37   06AUG2003:00:00:00   114   84    120   80    114   78   04/15/1965   38     25      64.00
  38   06AUG2003:00:00:00   130   88    142   96    114   86   01/15/1946   58     28      48.00
  39   06AUG2003:00:00:00     .    .    156   70      .    .   02/15/1923   80     10      47.00
  40   06AUG2003:00:00:00   166   90    144   78    162   92   04/15/1928   75      8      55.75
  41                    .   102   72      .    .    100   64   02/15/1957    .      7        .
  42   06AUG2003:00:00:00     .    .    124   88      .    .   07/15/1959   44      8      68.00
  43   06AUG2003:00:00:00   152   78    182   88    148   78   01/15/1933   71     10      55.50
  44   06AUG2003:00:00:00   126   72    120   54    116   66   03/15/1929   74     10      46.00
  45   06AUG2003:00:00:00    90   60     92   58     92   64   10/15/1953   50      9      41.00


 Obs  HEIGHT   BMI     SBP       DBP     MAP   Woman   BMICat   underweight   normal   overweight

  37   158.5    25   116.000   80.6667    92     1        3          0           0          1
  38   158.5    19   128.667   90.0000   103     1        2          0           1          0
  39   163.0    18   156.000   70.0000    99     0        1          1           0          0
  40   157.3    23   157.333   86.6667   110     1        2          0           1          0
  41      .      .   101.000   68.0000    79     1        .          .           .          .
  42   158.0    27   124.000   88.0000   100     1        3          0           0          1
  43   163.8    21   160.667   81.3333   108     0        2          0           1          0
  44   151.7    20   120.667   64.0000    83     1        2          0           1          0
  45   151.0    18    91.333   60.6667    71     1        1          1           0          0
                                            The SAS System         19:22 Tuesday, October 18, 2022  21

                                                              Birth    Birth
 Obs  ID                baseline_CVD      TIMEA      TIMEB     Year    Month      Sex   Ethnicity

  46  00101020    05AUG2003:00:00:00    9:35:00    9:45:00     1959       12        1         1
  47  00101021    06AUG2003:00:00:00    9:46:00    9:57:00     1983       10        1         1
  48  00101022    06AUG2003:00:00:00   10:50:00   11:00:00     1987        3        2         1
  49  00101100    06AUG2003:00:00:00    8:40:00    9:10:00     1969       10        1         1
  50  00101101    06AUG2003:00:00:00    9:55:00   10:05:00     1936        8        1         1
  51  00101102    06AUG2003:00:00:00   10:05:00   10:10:00     1941       12        2         1
  52  00101103    06AUG2003:00:00:00    9:00:00    9:20:00     1967        4        2         1


 Obs  Education   Marriage   Employment      Job   HEIGHT1   HEIGHT2    WT1    WT2   WAIST1   WAIST2

  46        4           1           1          1    167.4     167.2    77.0   77.0    96.4     96.3
  47        4           4           3          7    169.4     169.6    83.5   83.0    93.7     93.5
  48        4           4           3          7    160.0     160.4    52.5   53.0    68.2     68.5
  49        3           1           1          3    173.0     173.0    75.5   75.5    84.2     84.5
  50        2           1           3          1    166.0     166.4    54.0   54.0    74.1     74.3
  51        2           1           3          1    157.6     157.6    56.7   57.0    85.1     84.8
  52        3           1           3          1    159.6     160.2    65.5   65.5    87.6     87.2

                                                                   Dateof
 Obs                  CVD  SBP1  DBP1  SBP2  DBP2  SBP3  DBP3       Birth  Age  Duration  WEIGHT

  46   06AUG2003:00:00:00   134   84    100   70    126   82   12/15/1959   44     10      77.00
  47   06AUG2003:00:00:00   112   72    110   64    106   72   10/15/1983   20     11      83.25
  48   06AUG2003:00:00:00   104   70     96   42     96   64   03/15/1987   16     10      52.75
  49   06AUG2003:00:00:00   110   76    112   74    104   72   10/15/1969   34     30      75.50
  50   06AUG2003:00:00:00    98   60     84   44     98   60   08/15/1936   67     10      54.00
  51   06AUG2003:00:00:00    94   52    102   52    106   50   12/15/1941   62      5      56.85
  52   06AUG2003:00:00:00    96   76    112   80    104   74   04/15/1967   36     20      65.50


 Obs  HEIGHT   BMI     SBP       DBP     MAP   Woman   BMICat   underweight   normal   overweight

  46   167.3    28   120.000   78.6667    92     0        3          0           0          1
  47   169.5    29   109.333   69.3333    83     0        3          0           0          1
  48   160.2    21    98.667   58.6667    72     1        2          0           1          0
  49   173.0    25   108.667   74.0000    86     0        3          0           0          1
  50   166.2    20    93.333   54.6667    68     0        2          0           1          0
  51   157.6    23   100.667   51.3333    68     1        2          0           1          0
  52   159.9    26   104.000   76.6667    86     1        3          0           0          1
                                            The SAS System         19:22 Tuesday, October 18, 2022  22

                                          The FREQ Procedure

                                                        Cumulative    Cumulative
                      Woman    Frequency     Percent     Frequency      Percent
                      ƒƒƒƒƒƒƒƒƒƒƒƒƒƒƒƒƒƒƒƒƒƒƒƒƒƒƒƒƒƒƒƒƒƒƒƒƒƒƒƒƒƒƒƒƒƒƒƒƒƒƒƒƒƒƒƒƒƒ
                          0          19       36.54            19        36.54
                          1          33       63.46            52       100.00


                                                           Cumulative    Cumulative
                   underweight    Frequency     Percent     Frequency      Percent
                   ƒƒƒƒƒƒƒƒƒƒƒƒƒƒƒƒƒƒƒƒƒƒƒƒƒƒƒƒƒƒƒƒƒƒƒƒƒƒƒƒƒƒƒƒƒƒƒƒƒƒƒƒƒƒƒƒƒƒƒƒƒƒƒƒ
                             0          46       93.88            46        93.88
                             1           3        6.12            49       100.00

                                         Frequency Missing = 3


                                                        Cumulative    Cumulative
                      Woman    Frequency     Percent     Frequency      Percent
                      ƒƒƒƒƒƒƒƒƒƒƒƒƒƒƒƒƒƒƒƒƒƒƒƒƒƒƒƒƒƒƒƒƒƒƒƒƒƒƒƒƒƒƒƒƒƒƒƒƒƒƒƒƒƒƒƒƒƒ
                          0          19       36.54            19        36.54
                          1          33       63.46            52       100.00


                                                        Cumulative    Cumulative
                     normal    Frequency     Percent     Frequency      Percent
                     ƒƒƒƒƒƒƒƒƒƒƒƒƒƒƒƒƒƒƒƒƒƒƒƒƒƒƒƒƒƒƒƒƒƒƒƒƒƒƒƒƒƒƒƒƒƒƒƒƒƒƒƒƒƒƒƒƒƒƒ
                          0          27       55.10            27        55.10
                          1          22       44.90            49       100.00

                                        Frequency Missing = 3


                                                        Cumulative    Cumulative
                      Woman    Frequency     Percent     Frequency      Percent
                      ƒƒƒƒƒƒƒƒƒƒƒƒƒƒƒƒƒƒƒƒƒƒƒƒƒƒƒƒƒƒƒƒƒƒƒƒƒƒƒƒƒƒƒƒƒƒƒƒƒƒƒƒƒƒƒƒƒƒ
                          0          19       36.54            19        36.54
                          1          33       63.46            52       100.00


                                                          Cumulative    Cumulative
                   overweight    Frequency     Percent     Frequency      Percent
                   ƒƒƒƒƒƒƒƒƒƒƒƒƒƒƒƒƒƒƒƒƒƒƒƒƒƒƒƒƒƒƒƒƒƒƒƒƒƒƒƒƒƒƒƒƒƒƒƒƒƒƒƒƒƒƒƒƒƒƒƒƒƒƒ
                            0          28       57.14            28        57.14
                            1          21       42.86            49       100.00

                                        Frequency Missing = 3
                                            The SAS System         19:22 Tuesday, October 18, 2022  23

                                          The FREQ Procedure

                                    Table of Woman by underweight

                                 Woman     underweight

                                 Frequency‚
                                 Percent  ‚
                                 Row Pct  ‚
                                 Col Pct  ‚       0‚       1‚  Total
                                 ƒƒƒƒƒƒƒƒƒˆƒƒƒƒƒƒƒƒˆƒƒƒƒƒƒƒƒˆ
                                        0 ‚     16 ‚      2 ‚     18
                                          ‚  32.65 ‚   4.08 ‚  36.73
                                          ‚  88.89 ‚  11.11 ‚
                                          ‚  34.78 ‚  66.67 ‚
                                 ƒƒƒƒƒƒƒƒƒˆƒƒƒƒƒƒƒƒˆƒƒƒƒƒƒƒƒˆ
                                        1 ‚     30 ‚      1 ‚     31
                                          ‚  61.22 ‚   2.04 ‚  63.27
                                          ‚  96.77 ‚   3.23 ‚
                                          ‚  65.22 ‚  33.33 ‚
                                 ƒƒƒƒƒƒƒƒƒˆƒƒƒƒƒƒƒƒˆƒƒƒƒƒƒƒƒˆ
                                 Total          46        3       49
                                             93.88     6.12   100.00

                                        Frequency Missing = 3


                                       Table of Woman by normal

                                 Woman     normal

                                 Frequency‚
                                 Percent  ‚
                                 Row Pct  ‚
                                 Col Pct  ‚       0‚       1‚  Total
                                 ƒƒƒƒƒƒƒƒƒˆƒƒƒƒƒƒƒƒˆƒƒƒƒƒƒƒƒˆ
                                        0 ‚      8 ‚     10 ‚     18
                                          ‚  16.33 ‚  20.41 ‚  36.73
                                          ‚  44.44 ‚  55.56 ‚
                                          ‚  29.63 ‚  45.45 ‚
                                 ƒƒƒƒƒƒƒƒƒˆƒƒƒƒƒƒƒƒˆƒƒƒƒƒƒƒƒˆ
                                        1 ‚     19 ‚     12 ‚     31
                                          ‚  38.78 ‚  24.49 ‚  63.27
                                          ‚  61.29 ‚  38.71 ‚
                                          ‚  70.37 ‚  54.55 ‚
                                 ƒƒƒƒƒƒƒƒƒˆƒƒƒƒƒƒƒƒˆƒƒƒƒƒƒƒƒˆ
                                 Total          27       22       49
                                             55.10    44.90   100.00

                                        Frequency Missing = 3
                                            The SAS System         19:22 Tuesday, October 18, 2022  24

                                          The FREQ Procedure

                                     Table of Woman by overweight

                                 Woman     overweight

                                 Frequency‚
                                 Percent  ‚
                                 Row Pct  ‚
                                 Col Pct  ‚       0‚       1‚  Total
                                 ƒƒƒƒƒƒƒƒƒˆƒƒƒƒƒƒƒƒˆƒƒƒƒƒƒƒƒˆ
                                        0 ‚     12 ‚      6 ‚     18
                                          ‚  24.49 ‚  12.24 ‚  36.73
                                          ‚  66.67 ‚  33.33 ‚
                                          ‚  42.86 ‚  28.57 ‚
                                 ƒƒƒƒƒƒƒƒƒˆƒƒƒƒƒƒƒƒˆƒƒƒƒƒƒƒƒˆ
                                        1 ‚     16 ‚     15 ‚     31
                                          ‚  32.65 ‚  30.61 ‚  63.27
                                          ‚  51.61 ‚  48.39 ‚
                                          ‚  57.14 ‚  71.43 ‚
                                 ƒƒƒƒƒƒƒƒƒˆƒƒƒƒƒƒƒƒˆƒƒƒƒƒƒƒƒˆ
                                 Total          28       21       49
                                             57.14    42.86   100.00

                                        Frequency Missing = 3
                                            The SAS System         19:22 Tuesday, October 18, 2022  25

                                          The FREQ Procedure

                                       Rank for Variable HEIGHT

                                 HEIGHTRANK    Frequency     Percent
                                 ƒƒƒƒƒƒƒƒƒƒƒƒƒƒƒƒƒƒƒƒƒƒƒƒƒƒƒƒƒƒƒƒƒƒƒ
                                          0          16       32.65
                                          1          17       34.69
                                          2          16       32.65

                                        Frequency Missing = 3
                                            The SAS System         19:22 Tuesday, October 18, 2022  26

                                         The MEANS Procedure

                                     Analysis Variable : HEIGHT

                             Rank for
                             Variable      N
                               HEIGHT    Obs         Minimum         Maximum
                         ƒƒƒƒƒƒƒƒƒƒƒƒƒƒƒƒƒƒƒƒƒƒƒƒƒƒƒƒƒƒƒƒƒƒƒƒƒƒƒƒƒƒƒƒƒƒƒƒƒƒƒ
                                    0     16          133.70          157.60

                                    1     17          158.00          163.00

                                    2     16          163.80          181.50
                         ƒƒƒƒƒƒƒƒƒƒƒƒƒƒƒƒƒƒƒƒƒƒƒƒƒƒƒƒƒƒƒƒƒƒƒƒƒƒƒƒƒƒƒƒƒƒƒƒƒƒƒ
